<?xml version="1.0" encoding="UTF-8"?>
<testsuite xmlns:xsi="http://www.w3.org/2001/XMLSchema-instance" xsi:noNamespaceSchemaLocation="https://maven.apache.org/surefire/maven-surefire-plugin/xsd/surefire-test-report-3.0.xsd" version="3.0" name="co.unicauca.labtrabajogrado.access.UserRepositorioTest" time="0.054" tests="5" errors="5" skipped="0" failures="0">
  <properties>
[...]
</properties>
  <testcase name="testIniciarSesionParametrosInvalidos" classname="co.unicauca.labtrabajogrado.access.UserRepositorioTest" time="0.018">
    <error message="Cannot invoke &quot;java.sql.Connection.createStatement()&quot; because &quot;this.conn&quot; is null" type="java.lang.NullPointerException"><![CDATA[java.lang.NullPointerException: Cannot invoke "java.sql.Connection.createStatement()" because "this.conn" is null
	at co.unicauca.labtrabajogrado.access.UserRepositorio.initDatabase(UserRepositorio.java:97)
	at co.unicauca.labtrabajogrado.access.UserRepositorio.<init>(UserRepositorio.java:27)
	at co.unicauca.labtrabajogrado.access.UserRepositorioTest$1.<init>(UserRepositorioTest.java:28)
	at co.unicauca.labtrabajogrado.access.UserRepositorioTest.setUp(UserRepositorioTest.java:28)
	at java.base/java.lang.reflect.Method.invoke(Method.java:580)
	at java.base/java.util.ArrayList.forEach(ArrayList.java:1597)
	at java.base/java.util.ArrayList.forEach(ArrayList.java:1597)
]]></error>
  </testcase>
  <testcase name="testGuardarUsuarioInvalido" classname="co.unicauca.labtrabajogrado.access.UserRepositorioTest" time="0.002">
    <error message="Cannot invoke &quot;java.sql.Connection.createStatement()&quot; because &quot;this.conn&quot; is null" type="java.lang.NullPointerException"><![CDATA[java.lang.NullPointerException: Cannot invoke "java.sql.Connection.createStatement()" because "this.conn" is null
	at co.unicauca.labtrabajogrado.access.UserRepositorio.initDatabase(UserRepositorio.java:97)
	at co.unicauca.labtrabajogrado.access.UserRepositorio.<init>(UserRepositorio.java:27)
	at co.unicauca.labtrabajogrado.access.UserRepositorioTest$1.<init>(UserRepositorioTest.java:28)
	at co.unicauca.labtrabajogrado.access.UserRepositorioTest.setUp(UserRepositorioTest.java:28)
	at java.base/java.lang.reflect.Method.invoke(Method.java:580)
	at java.base/java.util.ArrayList.forEach(ArrayList.java:1597)
	at java.base/java.util.ArrayList.forEach(ArrayList.java:1597)
]]></error>
  </testcase>
  <testcase name="testGuardarUsuarioValido" classname="co.unicauca.labtrabajogrado.access.UserRepositorioTest" time="0.002">
    <error message="Cannot invoke &quot;java.sql.Connection.createStatement()&quot; because &quot;this.conn&quot; is null" type="java.lang.NullPointerException"><![CDATA[java.lang.NullPointerException: Cannot invoke "java.sql.Connection.createStatement()" because "this.conn" is null
	at co.unicauca.labtrabajogrado.access.UserRepositorio.initDatabase(UserRepositorio.java:97)
	at co.unicauca.labtrabajogrado.access.UserRepositorio.<init>(UserRepositorio.java:27)
	at co.unicauca.labtrabajogrado.access.UserRepositorioTest$1.<init>(UserRepositorioTest.java:28)
	at co.unicauca.labtrabajogrado.access.UserRepositorioTest.setUp(UserRepositorioTest.java:28)
	at java.base/java.lang.reflect.Method.invoke(Method.java:580)
	at java.base/java.util.ArrayList.forEach(ArrayList.java:1597)
	at java.base/java.util.ArrayList.forEach(ArrayList.java:1597)
]]></error>
  </testcase>
  <testcase name="testIniciarSesionExitoso" classname="co.unicauca.labtrabajogrado.access.UserRepositorioTest" time="0.001">
    <error message="Cannot invoke &quot;java.sql.Connection.createStatement()&quot; because &quot;this.conn&quot; is null" type="java.lang.NullPointerException"><![CDATA[java.lang.NullPointerException: Cannot invoke "java.sql.Connection.createStatement()" because "this.conn" is null
	at co.unicauca.labtrabajogrado.access.UserRepositorio.initDatabase(UserRepositorio.java:97)
	at co.unicauca.labtrabajogrado.access.UserRepositorio.<init>(UserRepositorio.java:27)
	at co.unicauca.labtrabajogrado.access.UserRepositorioTest$1.<init>(UserRepositorioTest.java:28)
	at co.unicauca.labtrabajogrado.access.UserRepositorioTest.setUp(UserRepositorioTest.java:28)
	at java.base/java.lang.reflect.Method.invoke(Method.java:580)
	at java.base/java.util.ArrayList.forEach(ArrayList.java:1597)
	at java.base/java.util.ArrayList.forEach(ArrayList.java:1597)
]]></error>
  </testcase>
  <testcase name="testIniciarSesionFallido" classname="co.unicauca.labtrabajogrado.access.UserRepositorioTest" time="0.001">
    <error message="Cannot invoke &quot;java.sql.Connection.createStatement()&quot; because &quot;this.conn&quot; is null" type="java.lang.NullPointerException"><![CDATA[java.lang.NullPointerException: Cannot invoke "java.sql.Connection.createStatement()" because "this.conn" is null
	at co.unicauca.labtrabajogrado.access.UserRepositorio.initDatabase(UserRepositorio.java:97)
	at co.unicauca.labtrabajogrado.access.UserRepositorio.<init>(UserRepositorio.java:27)
	at co.unicauca.labtrabajogrado.access.UserRepositorioTest$1.<init>(UserRepositorioTest.java:28)
	at co.unicauca.labtrabajogrado.access.UserRepositorioTest.setUp(UserRepositorioTest.java:28)
	at java.base/java.lang.reflect.Method.invoke(Method.java:580)
	at java.base/java.util.ArrayList.forEach(ArrayList.java:1597)
	at java.base/java.util.ArrayList.forEach(ArrayList.java:1597)
]]></error>
  </testcase>
</testsuite>